<?xml version="1.0" encoding="UTF-8"?>
<testng-results ignored="1" total="2" passed="1" failed="0" skipped="0">
  <reporter-output>
  </reporter-output>
  <suite started-at="2018-12-12T21:00:37Z" name="Default suite" finished-at="2018-12-12T21:00:42Z" duration-ms="4940">
    <groups>
    </groups>
    <test started-at="2018-12-12T21:00:37Z" name="Default test" finished-at="2018-12-12T21:00:42Z" duration-ms="4940">
      <class name="pomdesign.WebOrderTest">
        <test-method is-config="true" signature="setUp()[pri:0, instance:pomdesign.WebOrderTest@7a675056]" started-at="2018-12-12T21:00:37Z" name="setUp" finished-at="2018-12-12T21:00:41Z" duration-ms="3808" status="PASS">
          <reporter-output>
          </reporter-output>
        </test-method> <!-- setUp -->
        <test-method signature="ProductsTest()[pri:0, instance:pomdesign.WebOrderTest@7a675056]" started-at="2018-12-12T21:00:41Z" name="ProductsTest" finished-at="2018-12-12T21:00:42Z" duration-ms="969" status="PASS">
          <reporter-output>
          </reporter-output>
        </test-method> <!-- ProductsTest -->
        <test-method is-config="true" signature="closeUp()[pri:0, instance:pomdesign.WebOrderTest@7a675056]" started-at="2018-12-12T21:00:42Z" name="closeUp" finished-at="2018-12-12T21:00:42Z" duration-ms="118" status="PASS">
          <reporter-output>
          </reporter-output>
        </test-method> <!-- closeUp -->
      </class> <!-- pomdesign.WebOrderTest -->
    </test> <!-- Default test -->
  </suite> <!-- Default suite -->
</testng-results>
