<?xml version="1.0" encoding="UTF-8"?>
<!-- Generated by org.testng.reporters.JUnitXMLReporter -->
<testsuite ignored="1" hostname="Batuhans-MacBook-Pro.local" failures="0" tests="1" name="Default test" time="4.94" errors="0" timestamp="12 Dec 2018 21:00:42 GMT">
  <testcase classname="pomdesign.WebOrderTest" name="ProductsTest" time="0.969"/>
  <testcase classname="pomdesign.WebOrderTest" name="loginUsingPOM2" time="0.0">
    <ignored/>
  </testcase> <!-- loginUsingPOM2 -->
</testsuite> <!-- Default test -->
