<?xml version="1.0" encoding="UTF-8"?>
<testng-results ignored="0" total="1" passed="1" failed="0" skipped="0">
  <reporter-output>
  </reporter-output>
  <suite started-at="2018-12-11T19:59:10Z" name="Default suite" finished-at="2018-12-11T19:59:25Z" duration-ms="14486">
    <groups>
    </groups>
    <test started-at="2018-12-11T19:59:10Z" name="Default test" finished-at="2018-12-11T19:59:25Z" duration-ms="14486">
      <class name="com.cybertek.sauceTest">
        <test-method signature="login()[pri:0, instance:com.cybertek.sauceTest@43c1b556]" started-at="2018-12-11T19:59:10Z" name="login" finished-at="2018-12-11T19:59:25Z" duration-ms="14444" status="PASS">
          <reporter-output>
          </reporter-output>
        </test-method> <!-- login -->
      </class> <!-- com.cybertek.sauceTest -->
    </test> <!-- Default test -->
  </suite> <!-- Default suite -->
</testng-results>
